<?xml version="1.0" encoding="UTF-8"?>
<!-- Generated by org.testng.reporters.JUnitXMLReporter -->
<testsuite hostname="IGSA937002-PC" ignored="0" name="TestOne" tests="2" failures="2" timestamp="2021-07-19T15:38:52 AEST" time="35.338" errors="0">
  <testcase name="landingPageTestCases_01" time="34.271" classname="Testcases.LandingPageTestCases">
    <failure type="java.lang.AssertionError" message="The following asserts failed:
	expected [7] but found [6]">
      <![CDATA[java.lang.AssertionError: The following asserts failed:
expected [7] but found [6]
at Testcases.LandingPageTestCases.landingPageTestCases_01(LandingPageTestCases.java:20)
at java.util.ArrayList.forEach(ArrayList.java:1257)
... Removed 29 stack frames]]>
    </failure>
  </testcase> <!-- landingPageTestCases_01 -->
  <testcase name="landingPageTestCases_01" time="34.821" classname="Testcases.LandingPageTestCases">
    <failure type="java.lang.IllegalArgumentException" message="ScreenCapture path must not be null or empty">
      <![CDATA[java.lang.IllegalArgumentException: ScreenCapture path must not be null or empty
at com.aventstack.extentreports.util.Assert.notEmpty(Assert.java:12)
at com.aventstack.extentreports.ExtentTest.addScreenCaptureFromPath(ExtentTest.java:1073)
at Listners.TestNgListners.onTestFailure(TestNgListners.java:53)
at java.util.ArrayList.forEach(ArrayList.java:1257)
... Removed 24 stack frames]]>
    </failure>
  </testcase> <!-- landingPageTestCases_01 -->
</testsuite> <!-- TestOne -->
